[debug] [2022-10-26T21:41:45.425Z] ----------------------------------------------------------------------
[debug] [2022-10-26T21:41:45.428Z] Command:       C:\Program Files\nodejs\node.exe C:\Users\Fabricio\AppData\Roaming\npm\node_modules\firebase-tools\lib\bin\firebase.js init
[debug] [2022-10-26T21:41:45.429Z] CLI Version:   11.15.0
[debug] [2022-10-26T21:41:45.430Z] Platform:      win32
[debug] [2022-10-26T21:41:45.430Z] Node Version:  v16.16.0
[debug] [2022-10-26T21:41:45.463Z] Time:          Wed Oct 26 2022 18:41:45 GMT-0300 (hora estándar de Argentina)
[debug] [2022-10-26T21:41:45.463Z] ----------------------------------------------------------------------
[debug] 
[debug] [2022-10-26T21:41:45.609Z] > command requires scopes: ["email","openid","https://www.googleapis.com/auth/cloudplatformprojects.readonly","https://www.googleapis.com/auth/firebase","https://www.googleapis.com/auth/cloud-platform"]
[debug] [2022-10-26T21:41:45.610Z] > authorizing via signed-in user (videospolitica78@gmail.com)
[info] 
     ######## #### ########  ######## ########     ###     ######  ########
     ##        ##  ##     ## ##       ##     ##  ##   ##  ##       ##
     ######    ##  ########  ######   ########  #########  ######  ######
     ##        ##  ##    ##  ##       ##     ## ##     ##       ## ##
     ##       #### ##     ## ######## ########  ##     ##  ######  ########

You're about to initialize a Firebase project in this directory:

  C:\Users\Fabricio\Desktop\Parcial-POO\CrudParcialPOO2022

Before we get started, keep in mind:

  * You are initializing within an existing Firebase project directory

[info] 
=== Project Setup
[info] 
[info] First, let's associate this project directory with a Firebase project.
[info] You can create multiple project aliases by running firebase use --add, 
[info] but for now we'll just set up a default project.
[info] 
[debug] [2022-10-26T21:41:51.457Z] Using project from CLI flag: crudangularparcial
[debug] [2022-10-26T21:41:51.461Z] >>> [apiv2][query] GET https://firebase.googleapis.com/v1beta1/projects/crudangularparcial [none]
[debug] [2022-10-26T21:41:52.092Z] <<< [apiv2][status] GET https://firebase.googleapis.com/v1beta1/projects/crudangularparcial 403
[debug] [2022-10-26T21:41:52.092Z] <<< [apiv2][body] GET https://firebase.googleapis.com/v1beta1/projects/crudangularparcial {"error":{"code":403,"message":"The caller does not have permission","status":"PERMISSION_DENIED"}}
[debug] [2022-10-26T21:41:52.093Z] HTTP Error: 403, The caller does not have permission
[debug] [2022-10-26T21:41:53.502Z] FirebaseError: HTTP Error: 403, The caller does not have permission
    at responseToError (C:\Users\Fabricio\AppData\Roaming\npm\node_modules\firebase-tools\lib\responseToError.js:49:12)
    at RetryOperation._fn (C:\Users\Fabricio\AppData\Roaming\npm\node_modules\firebase-tools\lib\apiv2.js:288:77)
    at processTicksAndRejections (node:internal/process/task_queues:96:5)
[error] 
[error] Error: Failed to get Firebase project crudangularparcial. Please make sure the project exists and your account has permission to access it.
